<?xml version="1.0" encoding="UTF-8"?>
<!-- Generated by org.testng.reporters.JUnitReportReporter -->
<testsuite skipped="0" hostname="Prasad-NB" name="com.netbanking.tests.AddNewCustomerTC002" tests="2" failures="0" timestamp="2021-05-17T10:39:01 BST" time="3.607" errors="0">
  <testcase name="invalidCustomerFields" time="2.062" classname="com.netbanking.tests.AddNewCustomerTC002"/>
  <system-out/>
  <testcase name="invalidCustomerFields" time="1.545" classname="com.netbanking.tests.AddNewCustomerTC002"/>
  <system-out/>
</testsuite> <!-- com.netbanking.tests.AddNewCustomerTC002 -->
