<?xml version="1.0" encoding="UTF-8"?>
<!-- Generated by org.testng.reporters.JUnitReportReporter -->
<testsuite skipped="0" hostname="Prasad-NB" name="com.netbanking.tests.LoginTest" tests="4" failures="0" timestamp="2021-04-23T17:27:01 BST" time="9.235" errors="0">
  <testcase name="loginTestCase" time="1.634" classname="com.netbanking.tests.LoginTest"/>
  <system-out/>
  <testcase name="loginTestCase" time="1.994" classname="com.netbanking.tests.LoginTest"/>
  <system-out/>
  <testcase name="loginTestCase" time="3.653" classname="com.netbanking.tests.LoginTest"/>
  <system-out/>
  <testcase name="loginTestCase" time="1.954" classname="com.netbanking.tests.LoginTest"/>
  <system-out/>
</testsuite> <!-- com.netbanking.tests.LoginTest -->
