<?xml version="1.0" encoding="UTF-8"?>
<!-- Generated by org.testng.reporters.JUnitReportReporter -->
<testsuite skipped="0" hostname="Prasad-NB" name="com.netbanking.tests.EditCustomerTC003" tests="1" failures="0" timestamp="2021-05-17T10:43:53 BST" time="2.136" errors="0">
  <testcase name="editCustomer" time="2.136" classname="com.netbanking.tests.EditCustomerTC003"/>
  <system-out/>
</testsuite> <!-- com.netbanking.tests.EditCustomerTC003 -->
