<?xml version="1.0" encoding="UTF-8"?>
<!-- Generated by org.testng.reporters.JUnitReportReporter -->
<testsuite skipped="0" hostname="Prasad-NB" name="com.netbanking.tests.netbanking" tests="1" failures="0" timestamp="2021-05-04T11:20:14 BST" time="3.402" errors="0">
  <testcase name="loginTC" time="3.402" classname="com.netbanking.tests.netbanking"/>
  <system-out/>
</testsuite> <!-- com.netbanking.tests.netbanking -->
