<?xml version="1.0" encoding="UTF-8"?>
<!-- Generated by org.testng.reporters.JUnitReportReporter -->
<testsuite skipped="0" hostname="Prasad-NB" name="com.netbanking.tests.EditCustomerTC_004" tests="1" failures="0" timestamp="2021-05-15T17:27:38 BST" time="2.026" errors="0">
  <testcase name="editCustomer" time="2.026" classname="com.netbanking.tests.EditCustomerTC_004"/>
  <system-out/>
</testsuite> <!-- com.netbanking.tests.EditCustomerTC_004 -->
