<?xml version="1.0" encoding="UTF-8"?>
<!-- Generated by org.testng.reporters.JUnitReportReporter -->
<testsuite skipped="0" hostname="Prasad-NB" name="com.netbanking.tests.LoginTC001" tests="1" failures="0" timestamp="2021-05-17T10:43:53 BST" time="2.770" errors="0">
  <testcase name="login" time="2.770" classname="com.netbanking.tests.LoginTC001"/>
  <system-out/>
</testsuite> <!-- com.netbanking.tests.LoginTC001 -->
