<?xml version="1.0" encoding="UTF-8"?>
<!-- Generated by org.testng.reporters.JUnitReportReporter -->
<testsuite skipped="0" hostname="Prasad-NB" name="com.netbanking.tests.AddCustomerTC_003" tests="3" failures="0" timestamp="2021-05-12T11:22:39 BST" time="5.224" errors="0">
  <testcase name="loginTC" time="2.112" classname="com.netbanking.tests.AddCustomerTC_003"/>
  <system-out/>
  <testcase name="invalidCustomerFields" time="1.790" classname="com.netbanking.tests.AddCustomerTC_003"/>
  <system-out/>
  <testcase name="invalidCustomerFields" time="1.322" classname="com.netbanking.tests.AddCustomerTC_003"/>
  <system-out/>
</testsuite> <!-- com.netbanking.tests.AddCustomerTC_003 -->
